  Components.cpp
C:\Users\Lucian\Desktop\Derelict\OOP Project\Components.cpp(422,59): warning C4244: '=': conversion from 'float' to 'int', possible loss of data
C:\Users\Lucian\Desktop\Derelict\OOP Project\Components.cpp(423,59): warning C4244: '=': conversion from 'float' to 'int', possible loss of data
C:\Users\Lucian\Desktop\Derelict\OOP Project\Components.cpp(465,56): warning C4244: '=': conversion from 'float' to 'int', possible loss of data
C:\Users\Lucian\Desktop\Derelict\OOP Project\Components.cpp(466,56): warning C4244: '=': conversion from 'float' to 'int', possible loss of data
C:\Program Files (x86)\Microsoft Visual Studio\2019\Community\VC\Tools\MSVC\14.27.29110\include\utility(192,16): warning C4244: 'initializing': conversion from '_Ty' to '_Ty1', possible loss of data
          with
          [
              _Ty=double
          ]
          and
          [
              _Ty1=float
          ]
C:\Users\Lucian\Desktop\Derelict\OOP Project\Components.cpp(486): message : see reference to function template instantiation 'std::pair<float,float>::pair<double,int,0>(_Other1 &&,_Other2 &&) noexcept' being compiled
          with
          [
              _Other1=double,
              _Other2=int
          ]
C:\Users\Lucian\Desktop\Derelict\OOP Project\Components.cpp(482): message : see reference to function template instantiation 'std::pair<float,float>::pair<double,int,0>(_Other1 &&,_Other2 &&) noexcept' being compiled
          with
          [
              _Other1=double,
              _Other2=int
          ]
C:\Program Files (x86)\Microsoft Visual Studio\2019\Community\VC\Tools\MSVC\14.27.29110\include\utility(192,1): warning C4244: 'initializing': conversion from '_Ty' to '_Ty2', possible loss of data
          with
          [
              _Ty=int
          ]
          and
          [
              _Ty2=float
          ]
C:\Users\Lucian\Desktop\Derelict\OOP Project\Entity.h(115,37): warning C4244: 'argument': conversion from '_Ty' to 'float', possible loss of data
          with
          [
              _Ty=int
          ]
C:\Users\Lucian\Desktop\Derelict\OOP Project\Components.cpp(491): message : see reference to function template instantiation 'T &Entity::addComponent<Transform,Vector2D,Vector2D,float&,int>(Vector2D &&,Vector2D &&,float &,int &&)' being compiled
          with
          [
              T=Transform
          ]
  Generating code
  1 of 887 functions ( 0.1%) were compiled, the rest were copied from previous compilation.
    0 functions were new in current compilation
    0 functions had inline decision re-evaluated but remain unchanged
  Finished generating code
  OOP Project.vcxproj -> C:\Users\Lucian\Desktop\Derelict\Release\OOP Project.exe
